2024-12-09 21:07:19,POST,Markuz,Made a new player record
2024-12-09 21:11:58,POST,Markuz,Made a new player record
2024-12-09 21:14:53,POST,Markuz,Made a new player record
2024-12-09 21:15:50,POST,Markuz,Made a new player record
2024-12-09 21:17:23,POST,Markuz,Decoded body: stdClass Object
(
    [data] => Ak5r+UlpFTYoUVXzS67PYmG1IE+C55aPyHXAXDiC/iasA8bGZ/CE2QxsECHyCdhRRIXhTpPQJ537zGugHVMYBg==
)

2024-12-09 21:26:15,POST,Markuz,Decoded body: stdClass Object
(
    [data] => 4IMva/cp0mduj3TghM84gHgX6uiW8cmFabqbtRGnQSfBcXN6lRn9+Yw8wmId2J5z2aG2OnfaZRkLJhHRuR/W/g==
)

2024-12-09 21:27:28,POST,Markuz,Made a new player record
2024-12-09 21:28:52,POST,Markuz,Decoded body: stdClass Object
(
    [data] => 0GP2xXnh9vhA7LquE4ezssVavCqHXfEKNGm7TSnoZL8HUwFsC6QKwXe9PKZoWl4zA9XTKdhJWVlyMSf0ESbzYQ==
)

2024-12-09 21:29:04,POST,Markuz,Made a new player record
2024-12-09 21:30:14,POST,Markuz,Decoded body: stdClass Object
(
    [data] => 1b0Z5px4eROtTczo+26K5ldzi9wwv6k+5bwbTLg8AKQynrp1qJE6QviDTSTBHrRPmUMAfLENS1O1aGDeTSv0bA==
)

2024-12-09 21:30:44,POST,Markuz,Made a new player record
2024-12-09 21:32:06,POST,Markuz,Made a new player record
2024-12-09 21:34:00,POST,Markuz,Made a new player record
2024-12-09 21:34:05,POST,Markuz,Made a new player record
